<?xml version="1.0" encoding="UTF-8"?>
<!-- Generated by org.testng.reporters.JUnitReportReporter -->
<testsuite skipped="0" hostname="Mohanakrishnan" name="com.inetBanking.testCases.TC_LoginTest_001" tests="1" failures="0" timestamp="30 Jun 2022 07:41:04 GMT" time="57.780" errors="0">
  <testcase name="LoginTest" time="57.780" classname="com.inetBanking.testCases.TC_LoginTest_001"/>
</testsuite> <!-- com.inetBanking.testCases.TC_LoginTest_001 -->
